[debug] [2022-02-07T12:47:43.032Z] ----------------------------------------------------------------------
[debug] [2022-02-07T12:47:43.034Z] Command:       /snap/node/5770/bin/node /usr/local/bin/firebase deploy
[debug] [2022-02-07T12:47:43.034Z] CLI Version:   10.1.4
[debug] [2022-02-07T12:47:43.034Z] Platform:      linux
[debug] [2022-02-07T12:47:43.035Z] Node Version:  v16.13.2
[debug] [2022-02-07T12:47:43.035Z] Time:          Mon Feb 07 2022 18:17:43 GMT+0530 (India Standard Time)
[debug] [2022-02-07T12:47:43.035Z] ----------------------------------------------------------------------
[debug] 
[debug] [2022-02-07T12:47:43.110Z] > command requires scopes: ["email","openid","https://www.googleapis.com/auth/cloudplatformprojects.readonly","https://www.googleapis.com/auth/firebase","https://www.googleapis.com/auth/cloud-platform"]
[debug] [2022-02-07T12:47:43.110Z] > authorizing via signed-in user (meet57.motadata@gmail.com)
[debug] [2022-02-07T12:47:43.111Z] [iam] checking project vue-todo-firebase-375f2 for permissions ["firebase.projects.get","firebasehosting.sites.update"]
[debug] [2022-02-07T12:47:43.112Z] > refreshing access token with scopes: []
[debug] [2022-02-07T12:47:43.112Z] >>> HTTP REQUEST POST https://www.googleapis.com/oauth2/v3/token  
 <request body omitted>
[debug] [2022-02-07T12:47:43.379Z] <<< HTTP RESPONSE 200 {"pragma":"no-cache","cache-control":"no-cache, no-store, max-age=0, must-revalidate","date":"Mon, 07 Feb 2022 12:47:43 GMT","expires":"Mon, 01 Jan 1990 00:00:00 GMT","content-type":"application/json; charset=utf-8","vary":"X-Origin, Referer, Origin,Accept-Encoding","server":"scaffolding on HTTPServer2","x-xss-protection":"0","x-frame-options":"SAMEORIGIN","x-content-type-options":"nosniff","alt-svc":"h3=\":443\"; ma=2592000,h3-29=\":443\"; ma=2592000,h3-Q050=\":443\"; ma=2592000,h3-Q046=\":443\"; ma=2592000,h3-Q043=\":443\"; ma=2592000,quic=\":443\"; ma=2592000; v=\"46,43\"","accept-ranges":"none","transfer-encoding":"chunked"}
[debug] [2022-02-07T12:47:43.395Z] >>> [apiv2][query] POST https://cloudresourcemanager.googleapis.com/v1/projects/vue-todo-firebase-375f2:testIamPermissions [none]
[debug] [2022-02-07T12:47:43.395Z] >>> [apiv2][body] POST https://cloudresourcemanager.googleapis.com/v1/projects/vue-todo-firebase-375f2:testIamPermissions {"permissions":["firebase.projects.get","firebasehosting.sites.update"]}
[debug] [2022-02-07T12:47:46.508Z] <<< [apiv2][status] POST https://cloudresourcemanager.googleapis.com/v1/projects/vue-todo-firebase-375f2:testIamPermissions 200
[debug] [2022-02-07T12:47:46.508Z] <<< [apiv2][body] POST https://cloudresourcemanager.googleapis.com/v1/projects/vue-todo-firebase-375f2:testIamPermissions {"permissions":["firebase.projects.get","firebasehosting.sites.update"]}
[debug] [2022-02-07T12:47:46.510Z] >>> [apiv2][query] GET https://firebase.googleapis.com/v1beta1/projects/vue-todo-firebase-375f2 [none]
[debug] [2022-02-07T12:47:47.113Z] <<< [apiv2][status] GET https://firebase.googleapis.com/v1beta1/projects/vue-todo-firebase-375f2 200
[debug] [2022-02-07T12:47:47.113Z] <<< [apiv2][body] GET https://firebase.googleapis.com/v1beta1/projects/vue-todo-firebase-375f2 {"projectId":"vue-todo-firebase-375f2","projectNumber":"670568746570","displayName":"vue-todo-firebase","name":"projects/vue-todo-firebase-375f2","resources":{"hostingSite":"vue-todo-firebase-375f2","storageBucket":"vue-todo-firebase-375f2.appspot.com","locationId":"europe-west"},"state":"ACTIVE"}
[info] 
[info] === Deploying to 'vue-todo-firebase-375f2'...
[info] 
[info] i  deploying hosting 
[debug] [2022-02-07T12:47:47.117Z] > refreshing access token with scopes: ["email","https://www.googleapis.com/auth/cloud-platform","https://www.googleapis.com/auth/cloudplatformprojects.readonly","https://www.googleapis.com/auth/firebase","openid"]
[debug] [2022-02-07T12:47:47.118Z] >>> HTTP REQUEST POST https://www.googleapis.com/oauth2/v3/token  
 <request body omitted>
[debug] [2022-02-07T12:47:47.418Z] <<< HTTP RESPONSE 200 {"cache-control":"no-cache, no-store, max-age=0, must-revalidate","date":"Mon, 07 Feb 2022 12:47:47 GMT","expires":"Mon, 01 Jan 1990 00:00:00 GMT","pragma":"no-cache","content-type":"application/json; charset=utf-8","vary":"X-Origin, Referer, Origin,Accept-Encoding","server":"scaffolding on HTTPServer2","x-xss-protection":"0","x-frame-options":"SAMEORIGIN","x-content-type-options":"nosniff","alt-svc":"h3=\":443\"; ma=2592000,h3-29=\":443\"; ma=2592000,h3-Q050=\":443\"; ma=2592000,h3-Q046=\":443\"; ma=2592000,h3-Q043=\":443\"; ma=2592000,quic=\":443\"; ma=2592000; v=\"46,43\"","accept-ranges":"none","transfer-encoding":"chunked"}
[debug] [2022-02-07T12:47:47.431Z] >>> HTTP REQUEST POST https://firebasehosting.googleapis.com/v1beta1/sites/vue-todo-firebase-375f2/versions  
 {"config":{"rewrites":[{"glob":"**","path":"/index.html"}]},"labels":{"deployment-tool":"cli-firebase"}}
[debug] [2022-02-07T12:47:52.231Z] <<< HTTP RESPONSE 200 {"content-type":"application/json; charset=UTF-8","vary":"X-Origin, Referer, Origin,Accept-Encoding","date":"Mon, 07 Feb 2022 12:47:52 GMT","server":"ESF","cache-control":"private","x-xss-protection":"0","x-frame-options":"SAMEORIGIN","x-content-type-options":"nosniff","alt-svc":"h3=\":443\"; ma=2592000,h3-29=\":443\"; ma=2592000,h3-Q050=\":443\"; ma=2592000,h3-Q046=\":443\"; ma=2592000,h3-Q043=\":443\"; ma=2592000,quic=\":443\"; ma=2592000; v=\"46,43\"","accept-ranges":"none","transfer-encoding":"chunked"}
[info] i  hosting[vue-todo-firebase-375f2]: beginning deploy... 
[info] i  hosting[vue-todo-firebase-375f2]: found 7 files in dist 
[debug] [2022-02-07T12:47:52.541Z] > refreshing access token with scopes: []
[debug] [2022-02-07T12:47:52.542Z] >>> HTTP REQUEST POST https://www.googleapis.com/oauth2/v3/token  
 <request body omitted>
[debug] [2022-02-07T12:47:52.543Z] [hosting] hash cache [ZGlzdA] stored for 7 files
[debug] [2022-02-07T12:47:52.544Z] [hosting][hash queue][FINAL] {"max":291,"min":7,"avg":52.285714285714285,"active":0,"complete":7,"success":7,"errored":0,"retried":0,"total":7,"elapsed":297}
[debug] [2022-02-07T12:47:52.948Z] <<< HTTP RESPONSE 200 {"pragma":"no-cache","cache-control":"no-cache, no-store, max-age=0, must-revalidate","expires":"Mon, 01 Jan 1990 00:00:00 GMT","date":"Mon, 07 Feb 2022 12:47:52 GMT","content-type":"application/json; charset=utf-8","vary":"X-Origin, Referer, Origin,Accept-Encoding","server":"scaffolding on HTTPServer2","x-xss-protection":"0","x-frame-options":"SAMEORIGIN","x-content-type-options":"nosniff","alt-svc":"h3=\":443\"; ma=2592000,h3-29=\":443\"; ma=2592000,h3-Q050=\":443\"; ma=2592000,h3-Q046=\":443\"; ma=2592000,h3-Q043=\":443\"; ma=2592000,quic=\":443\"; ma=2592000; v=\"46,43\"","accept-ranges":"none","transfer-encoding":"chunked"}
[debug] [2022-02-07T12:47:52.960Z] >>> [apiv2][query] POST https://firebasehosting.googleapis.com/v1beta1/sites/vue-todo-firebase-375f2/versions/c00d56ad6c5e70a4:populateFiles [none]
[debug] [2022-02-07T12:47:52.960Z] >>> [apiv2][body] POST https://firebasehosting.googleapis.com/v1beta1/sites/vue-todo-firebase-375f2/versions/c00d56ad6c5e70a4:populateFiles {"files":{"/index.html":"11925d2f00ce69e9d883d557cf509184c23f73ab08f7581b6316fcc212cab2cb","/favicon.ico":"e0535b2041a7a1721cdec785c903980d41fdf0d810a4ea9726b6ffd1371bbc28","/css/app.bf971b4a.css":"04d7e58f8fe12da07e0d406082eae59a61257f10916d6d33b5730d5d17bd6854","/js/app.e632cb51.js":"537a181915a946be096716d0a71b1f3e604e0f2f51b19fe1126e993bc6bc0fbc","/js/app.e632cb51.js.map":"fc6e2be7bc94ea3e6034416d6350c295f8f7558781d8a13549bf64d97450fab9","/js/chunk-vendors.0ac4a09a.js":"36e795172fce9454989f814be8f7672a70b1a836236007dca1903a5c4ec3d4e4","/js/chunk-vendors.0ac4a09a.js.map":"f276e198aed4439d4167e1521055de3a7c5818c7b208a2372f78f90a6642b786"}}
[debug] [2022-02-07T12:47:54.896Z] <<< [apiv2][status] POST https://firebasehosting.googleapis.com/v1beta1/sites/vue-todo-firebase-375f2/versions/c00d56ad6c5e70a4:populateFiles 200
[debug] [2022-02-07T12:47:54.896Z] <<< [apiv2][body] POST https://firebasehosting.googleapis.com/v1beta1/sites/vue-todo-firebase-375f2/versions/c00d56ad6c5e70a4:populateFiles {"uploadRequiredHashes":["537a181915a946be096716d0a71b1f3e604e0f2f51b19fe1126e993bc6bc0fbc","fc6e2be7bc94ea3e6034416d6350c295f8f7558781d8a13549bf64d97450fab9","11925d2f00ce69e9d883d557cf509184c23f73ab08f7581b6316fcc212cab2cb"],"uploadUrl":"https://upload-firebasehosting.googleapis.com/upload/sites/vue-todo-firebase-375f2/versions/c00d56ad6c5e70a4/files"}
[debug] [2022-02-07T12:47:54.899Z] >>> [apiv2][query] POST https://upload-firebasehosting.googleapis.com/upload/sites/vue-todo-firebase-375f2/versions/c00d56ad6c5e70a4/files/537a181915a946be096716d0a71b1f3e604e0f2f51b19fe1126e993bc6bc0fbc [none]
[debug] [2022-02-07T12:47:54.899Z] >>> [apiv2][body] POST https://upload-firebasehosting.googleapis.com/upload/sites/vue-todo-firebase-375f2/versions/c00d56ad6c5e70a4/files/537a181915a946be096716d0a71b1f3e604e0f2f51b19fe1126e993bc6bc0fbc [stream]
[debug] [2022-02-07T12:47:54.900Z] >>> [apiv2][query] POST https://upload-firebasehosting.googleapis.com/upload/sites/vue-todo-firebase-375f2/versions/c00d56ad6c5e70a4/files/fc6e2be7bc94ea3e6034416d6350c295f8f7558781d8a13549bf64d97450fab9 [none]
[debug] [2022-02-07T12:47:54.900Z] >>> [apiv2][body] POST https://upload-firebasehosting.googleapis.com/upload/sites/vue-todo-firebase-375f2/versions/c00d56ad6c5e70a4/files/fc6e2be7bc94ea3e6034416d6350c295f8f7558781d8a13549bf64d97450fab9 [stream]
[debug] [2022-02-07T12:47:54.901Z] >>> [apiv2][query] POST https://upload-firebasehosting.googleapis.com/upload/sites/vue-todo-firebase-375f2/versions/c00d56ad6c5e70a4/files/11925d2f00ce69e9d883d557cf509184c23f73ab08f7581b6316fcc212cab2cb [none]
[debug] [2022-02-07T12:47:54.901Z] >>> [apiv2][body] POST https://upload-firebasehosting.googleapis.com/upload/sites/vue-todo-firebase-375f2/versions/c00d56ad6c5e70a4/files/11925d2f00ce69e9d883d557cf509184c23f73ab08f7581b6316fcc212cab2cb [stream]
[debug] [2022-02-07T12:47:54.902Z] [hosting][populate queue][FINAL] {"max":2357,"min":2357,"avg":2357,"active":0,"complete":1,"success":1,"errored":0,"retried":0,"total":1,"elapsed":2361}
[debug] [2022-02-07T12:47:54.902Z] [hosting] uploads queued: 3
